\BOOKMARK [0][-]{tit.0}{Title page}{}% 1
\BOOKMARK [0][-]{ack.0}{Danksagung}{}% 2
\BOOKMARK [0][-]{content.0}{Contents}{}% 3
\BOOKMARK [0][-]{chapter.1}{1 Introduction}{}% 4
\BOOKMARK [0][-]{chapter.2}{2 Daemon structure}{}% 5
\BOOKMARK [1][-]{section.2.1}{2.1 Purpose}{chapter.2}% 6
\BOOKMARK [1][-]{section.2.2}{2.2 Communication}{chapter.2}% 7
\BOOKMARK [1][-]{section.2.3}{2.3 The protocol}{chapter.2}% 8
\BOOKMARK [1][-]{section.2.4}{2.4 The config template}{chapter.2}% 9
\BOOKMARK [1][-]{section.2.5}{2.5 Container handling}{chapter.2}% 10
\BOOKMARK [0][-]{chapter.3}{3 Lxc security}{}% 11
\BOOKMARK [1][-]{section.3.1}{3.1 Chroot}{chapter.3}% 12
\BOOKMARK [1][-]{section.3.2}{3.2 Namespaces}{chapter.3}% 13
\BOOKMARK [1][-]{section.3.3}{3.3 Cgroups}{chapter.3}% 14
\BOOKMARK [1][-]{section.3.4}{3.4 Cgroup limits}{chapter.3}% 15
\BOOKMARK [1][-]{section.3.5}{3.5 Cgroup devices}{chapter.3}% 16
\BOOKMARK [1][-]{section.3.6}{3.6 Capability dropping}{chapter.3}% 17
\BOOKMARK [1][-]{section.3.7}{3.7 Mountpoints}{chapter.3}% 18
\BOOKMARK [1][-]{section.3.8}{3.8 Seccomp policies}{chapter.3}% 19
\BOOKMARK [0][-]{chapter.4}{4 Lxc issues}{}% 20
\BOOKMARK [1][-]{section.4.1}{4.1 Lxc-python api and threads}{chapter.4}% 21
\BOOKMARK [0][-]{chapter.5}{5 Future work}{}% 22
\BOOKMARK [1][-]{section.5.1}{5.1 Unprivileged containers}{chapter.5}% 23
\BOOKMARK [1][-]{section.5.2}{5.2 Daemon actions}{chapter.5}% 24
\BOOKMARK [0][-]{chapter*.2}{Bibliography}{}% 25
